\BOOKMARK [1][-]{section.1}{\376\377\144\130\211\201}{}% 1
\BOOKMARK [1][-]{section.2}{\376\377\137\025\212\000}{}% 2
\BOOKMARK [1][-]{section.3}{\376\377\145\207\163\056\176\374\217\360}{}% 3
\BOOKMARK [2][-]{subsection.3.1}{\376\377\152\041\127\213}{section.3}% 4
\BOOKMARK [3][-]{subsubsection.3.1.1}{\376\377\172\172\225\364\127\107\210\141\152\041\127\213}{subsection.3.1}% 5
\BOOKMARK [3][-]{subsubsection.3.1.2}{\376\377\147\000\117\030\134\105\117\117\127\060\220\011\142\351\152\041\127\213}{subsection.3.1}% 6
\BOOKMARK [3][-]{subsubsection.3.1.3}{\376\377\127\372\116\216\123\071\221\115\164\006\213\272}{subsection.3.1}% 7
\BOOKMARK [3][-]{subsubsection.3.1.4}{\376\377\122\263\122\250\122\233\126\336\155\101\225\356\230\230}{subsection.3.1}% 8
\BOOKMARK [2][-]{subsection.3.2}{\376\377\133\371\116\216\137\161\124\315\122\263\122\250\122\233\155\101\122\250\166\204\126\340\175\040}{section.3}% 9
\BOOKMARK [3][-]{subsubsection.3.2.1}{\376\377\122\263\122\250\122\233\130\301\127\222}{subsection.3.2}% 10
\BOOKMARK [3][-]{subsubsection.3.2.2}{\376\377\134\105\117\117\142\020\147\054\116\016\217\301\171\373\142\020\147\054}{subsection.3.2}% 11
\BOOKMARK [3][-]{subsubsection.3.2.3}{\376\377\116\272\122\233\215\104\147\054}{subsection.3.2}% 12
\BOOKMARK [3][-]{subsubsection.3.2.4}{\376\377\202\022\220\002\136\246\060\001\121\154\121\161\147\015\122\241\116\016}{subsection.3.2}% 13
\BOOKMARK [3][-]{subsubsection.3.2.5}{\376\377\121\167\147\011\116\055\126\375\162\171\202\162\166\204\126\340\175\040\377\032\142\067\174\115\060\001\116\141\127\037\211\302\137\365\173\111}{subsection.3.2}% 14
\BOOKMARK [3][-]{subsubsection.3.2.6}{\376\377\121\166\116\326}{subsection.3.2}% 15
\BOOKMARK [1][-]{section.4}{\376\377\164\006\213\272\152\041\127\213}{}% 16
\BOOKMARK [2][-]{subsection.4.1}{\376\377\120\107\213\276}{section.4}% 17
\BOOKMARK [2][-]{subsection.4.2}{\376\377\122\035\153\145\152\041\127\213}{section.4}% 18
\BOOKMARK [2][-]{subsection.4.3}{\376\377\135\345\215\104\140\047\145\066\121\145\377\010\215\047\136\001\145\066\121\145\377\011}{section.4}% 19
\BOOKMARK [2][-]{subsection.4.4}{\376\377\133\234\134\105\136\246}{section.4}% 20
\BOOKMARK [2][-]{subsection.4.5}{\376\377\116\141\127\037\145\207\123\026}{section.4}% 21
\BOOKMARK [2][-]{subsection.4.6}{\376\377\217\301\171\373\142\020\147\054}{section.4}% 22
\BOOKMARK [2][-]{subsection.4.7}{\376\377\162\266\140\001\217\154\171\373\151\202\163\207}{section.4}% 23
\BOOKMARK [2][-]{subsection.4.8}{\376\377\122\263\122\250\122\233\217\301\171\373\121\263\173\126}{section.4}% 24
\BOOKMARK [1][-]{section.5}{\376\377\133\236\213\301\150\300\232\214}{}% 25
\BOOKMARK [2][-]{subsection.5.1}{\376\377\133\236\213\301\152\041\127\213}{section.5}% 26
\BOOKMARK [3][-]{subsubsection.5.1.1}{\376\377\136\164\237\204\145\110\136\224}{subsection.5.1}% 27
\BOOKMARK [3][-]{subsubsection.5.1.2}{\376\377\000l\000o\000c\000a\000t\000i\000o\000n\000\040\000m\000a\000t\000c\000h\000\040\000e\000f\000f\000e\000c\000t}{subsection.5.1}% 28
\BOOKMARK [3][-]{subsubsection.5.1.3}{\376\377\126\372\133\232\145\110\136\224}{subsection.5.1}% 29
\BOOKMARK [3][-]{subsubsection.5.1.4}{\376\377\167\355\147\037\154\342\122\250}{subsection.5.1}% 30
\BOOKMARK [3][-]{subsubsection.5.1.5}{\376\377\135\345\215\104\166\204\137\161\124\315}{subsection.5.1}% 31
\BOOKMARK [3][-]{subsubsection.5.1.6}{\376\377\117\074\161\066\121\375\145\160}{subsection.5.1}% 32
\BOOKMARK [2][-]{subsection.5.2}{\376\377\145\160\143\156\116\012}{section.5}% 33
\BOOKMARK [2][-]{subsection.5.3}{\376\377\152\041\127\213\116\012}{section.5}% 34
\BOOKMARK [2][-]{subsection.5.4}{\376\377\145\271\154\325\116\012}{section.5}% 35
\BOOKMARK [1][-]{section.6}{\376\377\117\060\213\241\176\323\147\234}{}% 36
\BOOKMARK [1][-]{section.7}{\376\377\176\323\213\272}{}% 37
\BOOKMARK [1][-]{section.8}{\376\377\226\104\137\125\377\032\213\301\146\016}{}% 38
